<?xml version='1.0' encoding='UTF-8'?>
<testsuite hostname="Madss-MacBook-Pro.local" name="ProcessorSpec" tests="1" errors="0" failures="0" skipped="0" time="13.713" timestamp="2021-12-05T16:13:22">
                     <properties>
[...]
</properties>
                     <testcase classname="ProcessorSpec" name="Processor should pass" time="13.713">
                                                 
                                               </testcase>
                     <system-out><![CDATA[]]></system-out>
                     <system-err><![CDATA[]]></system-err>
                   </testsuite>